[0m15:03:46.105212 [debug] [MainThread]: Sending event: {'category': 'dbt', 'action': 'invocation', 'label': 'start', 'context': [<snowplow_tracker.self_describing_json.SelfDescribingJson object at 0x00000207393BB0D0>, <snowplow_tracker.self_describing_json.SelfDescribingJson object at 0x000002073938E290>, <snowplow_tracker.self_describing_json.SelfDescribingJson object at 0x0000020739353890>]}


============================== 15:03:46.188227 | d03873cf-353d-44da-9e2f-93634904018e ==============================
[0m15:03:46.188227 [info ] [MainThread]: Running with dbt=1.11.7
[0m15:03:46.192943 [debug] [MainThread]: running dbt with arguments {'version_check': 'True', 'no_print': 'None', 'static_parser': 'True', 'target_path': 'None', 'warn_error_options': 'WarnErrorOptionsV2(error=[], warn=[], silence=[])', 'printer_width': '80', 'write_json': 'True', 'introspect': 'True', 'log_cache_events': 'False', 'empty': 'None', 'cache_selected_only': 'False', 'log_format': 'default', 'debug': 'False', 'fail_fast': 'False', 'profiles_dir': 'C:\\Users\\kiree\\.dbt', 'send_anonymous_usage_stats': 'True', 'quiet': 'False', 'warn_error': 'None', 'partial_parse': 'True', 'use_colors': 'True', 'indirect_selection': 'eager', 'invocation_command': 'dbt init', 'use_experimental_parser': 'False', 'log_path': 'logs'}
[0m15:04:17.626748 [debug] [MainThread]: Starter project path: C:\Users\kiree\Desktop\Projects\Data Engineering\Airbnb Project\.venv\Lib\site-packages\dbt\include\starter_project
[0m15:04:17.708259 [info ] [MainThread]: 
Your new dbt project "airbnb_dbt_project" was created!

For more information on how to configure the profiles.yml file,
please consult the dbt documentation here:

  https://docs.getdbt.com/docs/configure-your-profile

One more thing:

Need help? Don't hesitate to reach out to us via GitHub issues or on Slack:

  https://community.getdbt.com/

Happy modeling!

[0m15:04:17.710282 [info ] [MainThread]: Setting up your profile.
[0m15:04:23.023778 [debug] [MainThread]: Snowflake adapter: Setting snowflake.connector to ERROR (file logging only)
[0m15:04:23.025309 [debug] [MainThread]: Snowflake adapter: Setting botocore to ERROR (file logging only)
[0m15:04:23.026317 [debug] [MainThread]: Snowflake adapter: Setting boto3 to ERROR (file logging only)
[0m15:07:03.177656 [info ] [MainThread]: Profile airbnb_dbt_project written to C:\Users\kiree\.dbt\profiles.yml using target's profile_template.yml and your supplied values. Run 'dbt debug' to validate the connection.
[0m15:07:03.181203 [debug] [MainThread]: Command `dbt init` succeeded at 15:07:03.181203 after 197.23 seconds
[0m15:07:03.181203 [debug] [MainThread]: Sending event: {'category': 'dbt', 'action': 'invocation', 'label': 'end', 'context': [<snowplow_tracker.self_describing_json.SelfDescribingJson object at 0x00000207393BEB90>, <snowplow_tracker.self_describing_json.SelfDescribingJson object at 0x00000207393BD010>, <snowplow_tracker.self_describing_json.SelfDescribingJson object at 0x0000020739285050>]}
[0m15:07:03.181203 [debug] [MainThread]: Flushing usage events
[0m15:07:05.051804 [debug] [MainThread]: An error was encountered while trying to flush usage events
[0m18:11:24.782688 [debug] [MainThread]: Sending event: {'category': 'dbt', 'action': 'invocation', 'label': 'start', 'context': [<snowplow_tracker.self_describing_json.SelfDescribingJson object at 0x0000026B8DBFAA90>, <snowplow_tracker.self_describing_json.SelfDescribingJson object at 0x0000026B8DC3A6D0>, <snowplow_tracker.self_describing_json.SelfDescribingJson object at 0x0000026B8DC3BAD0>]}


============================== 18:11:24.795125 | fd897116-c12b-4f7d-a5f4-43a6cbda6f61 ==============================
[0m18:11:24.795125 [info ] [MainThread]: Running with dbt=1.11.7
[0m18:11:24.798904 [debug] [MainThread]: running dbt with arguments {'static_parser': 'True', 'no_print': 'None', 'version_check': 'True', 'target_path': 'None', 'warn_error_options': 'WarnErrorOptionsV2(error=[], warn=[], silence=[])', 'printer_width': '80', 'write_json': 'True', 'introspect': 'True', 'log_cache_events': 'False', 'empty': 'False', 'cache_selected_only': 'False', 'log_format': 'default', 'debug': 'False', 'fail_fast': 'False', 'profiles_dir': 'C:\\Users\\kiree\\.dbt', 'send_anonymous_usage_stats': 'True', 'quiet': 'False', 'warn_error': 'None', 'partial_parse': 'True', 'use_colors': 'True', 'invocation_command': 'dbt compile', 'indirect_selection': 'eager', 'use_experimental_parser': 'False', 'log_path': 'logs'}
[0m18:11:24.801897 [error] [MainThread]: Encountered an error:
Runtime Error
  No dbt_project.yml found at expected path C:\Users\kiree\Desktop\Projects\Data Engineering\Airbnb Project\dbt_project.yml
  Verify that each entry within packages.yml (and their transitive dependencies) contains a file named dbt_project.yml
  
[0m18:11:24.805271 [debug] [MainThread]: Command `dbt compile` failed at 18:11:24.804239 after 0.24 seconds
[0m18:11:24.807390 [debug] [MainThread]: Sending event: {'category': 'dbt', 'action': 'invocation', 'label': 'end', 'context': [<snowplow_tracker.self_describing_json.SelfDescribingJson object at 0x0000026B85DFBD90>, <snowplow_tracker.self_describing_json.SelfDescribingJson object at 0x0000026B85DFBC50>, <snowplow_tracker.self_describing_json.SelfDescribingJson object at 0x0000026B8DBF9C10>]}
[0m18:11:24.809113 [debug] [MainThread]: Flushing usage events
[0m18:11:26.675389 [debug] [MainThread]: An error was encountered while trying to flush usage events
[0m17:47:50.329786 [debug] [MainThread]: Sending event: {'category': 'dbt', 'action': 'invocation', 'label': 'start', 'context': [<snowplow_tracker.self_describing_json.SelfDescribingJson object at 0x0000019308F78750>, <snowplow_tracker.self_describing_json.SelfDescribingJson object at 0x0000019308FB1CD0>, <snowplow_tracker.self_describing_json.SelfDescribingJson object at 0x0000019308FB1E50>]}


============================== 17:47:50.335504 | 6f87e718-eb1b-472b-8387-46aef313f044 ==============================
[0m17:47:50.335504 [info ] [MainThread]: Running with dbt=1.11.7
[0m17:47:50.336278 [debug] [MainThread]: running dbt with arguments {'version_check': 'True', 'no_print': 'None', 'static_parser': 'True', 'warn_error_options': 'WarnErrorOptionsV2(error=[], warn=[], silence=[])', 'target_path': 'None', 'printer_width': '80', 'write_json': 'True', 'empty': 'False', 'log_cache_events': 'False', 'introspect': 'True', 'cache_selected_only': 'False', 'fail_fast': 'False', 'debug': 'False', 'log_format': 'default', 'profiles_dir': 'C:\\Users\\kiree\\.dbt', 'send_anonymous_usage_stats': 'True', 'quiet': 'False', 'warn_error': 'None', 'partial_parse': 'True', 'indirect_selection': 'eager', 'use_colors': 'True', 'invocation_command': 'dbt compile', 'use_experimental_parser': 'False', 'log_path': 'logs'}
[0m17:47:50.336278 [error] [MainThread]: Encountered an error:
Runtime Error
  No dbt_project.yml found at expected path C:\Users\kiree\Desktop\Projects\Data Engineering\Airbnb Project\dbt_project.yml
  Verify that each entry within packages.yml (and their transitive dependencies) contains a file named dbt_project.yml
  
[0m17:47:50.336278 [debug] [MainThread]: Command `dbt compile` failed at 17:47:50.336278 after 0.13 seconds
[0m17:47:50.336278 [debug] [MainThread]: Sending event: {'category': 'dbt', 'action': 'invocation', 'label': 'end', 'context': [<snowplow_tracker.self_describing_json.SelfDescribingJson object at 0x0000019308F6DFD0>, <snowplow_tracker.self_describing_json.SelfDescribingJson object at 0x0000019308F6EA90>, <snowplow_tracker.self_describing_json.SelfDescribingJson object at 0x0000019308D0F6D0>]}
[0m17:47:50.336278 [debug] [MainThread]: Flushing usage events
[0m17:47:52.141376 [debug] [MainThread]: An error was encountered while trying to flush usage events
{"data":{"log_version":3,"version":"=2.0.0-preview.154"},"info":{"category":"","code":"A001","extra":{},"invocation_id":"019db3ad-7ac3-7533-97a9-70c4e2b0bdf6","level":"info","msg":"Running with dbt-fusion=2.0.0-preview.154","name":"MainReportVersion","pid":13912,"thread":"tokio-runtime-worker","ts":"2026-04-22T05:33:04.084586Z"}}
{"data":{"args":{"debug":"false","invocation_command":"C:\\Users\\kiree\\.local\\bin\\dbt.exe license info --json --log-format json","log_format":"json","quiet":"false","write_json":"true"}},"info":{"category":"","code":"A002","extra":{},"invocation_id":"019db3ad-7ac3-7533-97a9-70c4e2b0bdf6","level":"debug","msg":"running dbt-fusion with argumets {\"command\":\"license\",\"vars\":\"{}\",\"limit\":\"10\",\"debug\":false,\"log_format\":\"json\",\"quiet\":false,\"write_json\":true,\"write_catalog\":false}","name":"MainReportArgs","pid":13912,"thread":"tokio-runtime-worker","ts":"2026-04-22T05:33:04.084615Z"}}
{"data":{},"info":{"category":"","code":"","extra":{},"invocation_id":"019db3ad-7ac3-7533-97a9-70c4e2b0bdf6","level":"debug","msg":"No active cloud project configured, skipping remote license","name":"Generic","pid":13912,"thread":"tokio-runtime-worker","ts":"2026-04-22T05:33:04.102310Z"}}
{"data":{"columns":[],"is_inline":true,"node_name":"license_info","output_format":"json","preview":"{\n  \"status\": \"not_found\",\n  \"licensing_enabled\": true\n}","unique_id":"license.info"},"info":{"category":"","code":"Q041","extra":{},"invocation_id":"019db3ad-7ac3-7533-97a9-70c4e2b0bdf6","level":"info","msg":"{\n  \"status\": \"not_found\",\n  \"licensing_enabled\": true\n}","name":"ShowNode","pid":13912,"thread":"tokio-runtime-worker","ts":"2026-04-22T05:33:04.103833Z"}}
{"data":{"completed_at":"2026-04-22T05:33:23.252990Z","elapsed":19.173728942871094,"success":true},"info":{"category":"","code":"Q039","extra":{},"invocation_id":"019db3ad-7ac3-7533-97a9-70c4e2b0bdf6","level":"info","msg":"\n==================== Execution Summary =====================\nFinished 'license' successfully [19.2s]","name":"CommandCompleted","pid":13912,"thread":"tokio-runtime-worker","ts":"2026-04-22T05:33:23.255885Z"}}
{"data":{"log_version":3,"version":"=2.0.0-preview.154"},"info":{"category":"","code":"A001","extra":{},"invocation_id":"019db911-7604-7043-938d-4cbe7ce021ec","level":"info","msg":"Running with dbt-fusion=2.0.0-preview.154","name":"MainReportVersion","pid":46628,"thread":"tokio-runtime-worker","ts":"2026-04-23T06:40:22.610849Z"}}
{"data":{"args":{"debug":"false","invocation_command":"C:\\Users\\kiree\\.local\\bin\\dbt.exe license info --json --log-format json","log_format":"json","quiet":"false","write_json":"true"}},"info":{"category":"","code":"A002","extra":{},"invocation_id":"019db911-7604-7043-938d-4cbe7ce021ec","level":"debug","msg":"running dbt-fusion with argumets {\"command\":\"license\",\"vars\":\"{}\",\"limit\":\"10\",\"debug\":false,\"log_format\":\"json\",\"quiet\":false,\"write_json\":true,\"write_catalog\":false}","name":"MainReportArgs","pid":46628,"thread":"tokio-runtime-worker","ts":"2026-04-23T06:40:22.611507Z"}}
{"data":{},"info":{"category":"","code":"","extra":{},"invocation_id":"019db911-7604-7043-938d-4cbe7ce021ec","level":"debug","msg":"No active cloud project configured, skipping remote license","name":"Generic","pid":46628,"thread":"tokio-runtime-worker","ts":"2026-04-23T06:40:22.660831Z"}}
{"data":{"columns":[],"is_inline":true,"node_name":"license_info","output_format":"json","preview":"{\n  \"status\": \"not_found\",\n  \"licensing_enabled\": true\n}","unique_id":"license.info"},"info":{"category":"","code":"Q041","extra":{},"invocation_id":"019db911-7604-7043-938d-4cbe7ce021ec","level":"info","msg":"{\n  \"status\": \"not_found\",\n  \"licensing_enabled\": true\n}","name":"ShowNode","pid":46628,"thread":"tokio-runtime-worker","ts":"2026-04-23T06:40:22.662822Z"}}
{"data":{"completed_at":"2026-04-23T06:40:23.599680Z","elapsed":0.99456787109375,"success":true},"info":{"category":"","code":"Q039","extra":{},"invocation_id":"019db911-7604-7043-938d-4cbe7ce021ec","level":"info","msg":"\n==================== Execution Summary =====================\nFinished 'license' successfully [994ms]","name":"CommandCompleted","pid":46628,"thread":"tokio-runtime-worker","ts":"2026-04-23T06:40:23.605727Z"}}
{"data":{"log_version":3,"version":"=2.0.0-preview.154"},"info":{"category":"","code":"A001","extra":{},"invocation_id":"019db912-839d-7871-af37-416796090f33","level":"info","msg":"Running with dbt-fusion=2.0.0-preview.154","name":"MainReportVersion","pid":13084,"thread":"tokio-runtime-worker","ts":"2026-04-23T06:41:31.597694Z"}}
{"data":{"args":{"debug":"false","invocation_command":"C:\\Users\\kiree\\.local\\bin\\dbt.exe license info --json --log-format json","log_format":"json","quiet":"false","write_json":"true"}},"info":{"category":"","code":"A002","extra":{},"invocation_id":"019db912-839d-7871-af37-416796090f33","level":"debug","msg":"running dbt-fusion with argumets {\"command\":\"license\",\"vars\":\"{}\",\"limit\":\"10\",\"debug\":false,\"log_format\":\"json\",\"quiet\":false,\"write_json\":true,\"write_catalog\":false}","name":"MainReportArgs","pid":13084,"thread":"tokio-runtime-worker","ts":"2026-04-23T06:41:31.597934Z"}}
{"data":{},"info":{"category":"","code":"","extra":{},"invocation_id":"019db912-839d-7871-af37-416796090f33","level":"debug","msg":"No active cloud project configured, skipping remote license","name":"Generic","pid":13084,"thread":"tokio-runtime-worker","ts":"2026-04-23T06:41:31.608658Z"}}
{"data":{"columns":[],"is_inline":true,"node_name":"license_info","output_format":"json","preview":"{\n  \"status\": \"not_found\",\n  \"licensing_enabled\": true\n}","unique_id":"license.info"},"info":{"category":"","code":"Q041","extra":{},"invocation_id":"019db912-839d-7871-af37-416796090f33","level":"info","msg":"{\n  \"status\": \"not_found\",\n  \"licensing_enabled\": true\n}","name":"ShowNode","pid":13084,"thread":"tokio-runtime-worker","ts":"2026-04-23T06:41:31.610399Z"}}
{"data":{"completed_at":"2026-04-23T06:41:32.646386Z","elapsed":1.0527609586715698,"success":true},"info":{"category":"","code":"Q039","extra":{},"invocation_id":"019db912-839d-7871-af37-416796090f33","level":"info","msg":"\n==================== Execution Summary =====================\nFinished 'license' successfully [1.1s]","name":"CommandCompleted","pid":13084,"thread":"tokio-runtime-worker","ts":"2026-04-23T06:41:32.648384Z"}}
[0m12:15:05.908905 [debug] [MainThread]: Sending event: {'category': 'dbt', 'action': 'invocation', 'label': 'start', 'context': [<snowplow_tracker.self_describing_json.SelfDescribingJson object at 0x0000011F0D69BE50>, <snowplow_tracker.self_describing_json.SelfDescribingJson object at 0x0000011F0D6DB850>, <snowplow_tracker.self_describing_json.SelfDescribingJson object at 0x0000011F0D6DA6D0>]}


============================== 12:15:05.925202 | 6f9bc76c-cc61-461a-8abf-5858584715a5 ==============================
[0m12:15:05.925202 [info ] [MainThread]: Running with dbt=1.11.7
[0m12:15:05.925202 [debug] [MainThread]: running dbt with arguments {'version_check': 'True', 'no_print': 'None', 'static_parser': 'True', 'warn_error_options': 'WarnErrorOptionsV2(error=[], warn=[], silence=[])', 'target_path': 'None', 'printer_width': '80', 'write_json': 'True', 'empty': 'False', 'log_cache_events': 'False', 'introspect': 'True', 'cache_selected_only': 'False', 'log_format': 'default', 'debug': 'False', 'fail_fast': 'False', 'profiles_dir': 'C:\\Users\\kiree\\.dbt', 'send_anonymous_usage_stats': 'True', 'quiet': 'False', 'warn_error': 'None', 'partial_parse': 'True', 'indirect_selection': 'eager', 'use_colors': 'True', 'invocation_command': 'dbt compile', 'use_experimental_parser': 'False', 'log_path': 'logs'}
[0m12:15:05.930211 [error] [MainThread]: Encountered an error:
Runtime Error
  No dbt_project.yml found at expected path C:\Users\kiree\Desktop\Projects\Data Engineering\Airbnb Project\dbt_project.yml
  Verify that each entry within packages.yml (and their transitive dependencies) contains a file named dbt_project.yml
  
[0m12:15:05.930211 [debug] [MainThread]: Command `dbt compile` failed at 12:15:05.930211 after 0.15 seconds
[0m12:15:05.930211 [debug] [MainThread]: Sending event: {'category': 'dbt', 'action': 'invocation', 'label': 'end', 'context': [<snowplow_tracker.self_describing_json.SelfDescribingJson object at 0x0000011F0C463850>, <snowplow_tracker.self_describing_json.SelfDescribingJson object at 0x0000011F0585BA90>, <snowplow_tracker.self_describing_json.SelfDescribingJson object at 0x0000011F0D699150>]}
[0m12:15:05.930211 [debug] [MainThread]: Flushing usage events
[0m12:15:08.223263 [debug] [MainThread]: An error was encountered while trying to flush usage events
{"data":{"log_version":3,"version":"=2.0.0-preview.154"},"info":{"category":"","code":"A001","extra":{},"invocation_id":"019db918-2ef1-7343-a543-0a57f4e56762","level":"info","msg":"Running with dbt-fusion=2.0.0-preview.154","name":"MainReportVersion","pid":2220,"thread":"tokio-runtime-worker","ts":"2026-04-23T06:47:43.094952Z"}}
{"data":{"args":{"debug":"false","invocation_command":"C:\\Users\\kiree\\.local\\bin\\dbt.exe license info --json --log-format json","log_format":"json","quiet":"false","write_json":"true"}},"info":{"category":"","code":"A002","extra":{},"invocation_id":"019db918-2ef1-7343-a543-0a57f4e56762","level":"debug","msg":"running dbt-fusion with argumets {\"command\":\"license\",\"vars\":\"{}\",\"limit\":\"10\",\"debug\":false,\"log_format\":\"json\",\"quiet\":false,\"write_json\":true,\"write_catalog\":false}","name":"MainReportArgs","pid":2220,"thread":"tokio-runtime-worker","ts":"2026-04-23T06:47:43.094986Z"}}
{"data":{},"info":{"category":"","code":"","extra":{},"invocation_id":"019db918-2ef1-7343-a543-0a57f4e56762","level":"debug","msg":"No active cloud project configured, skipping remote license","name":"Generic","pid":2220,"thread":"tokio-runtime-worker","ts":"2026-04-23T06:47:43.101707Z"}}
{"data":{"columns":[],"is_inline":true,"node_name":"license_info","output_format":"json","preview":"{\n  \"status\": \"not_found\",\n  \"licensing_enabled\": true\n}","unique_id":"license.info"},"info":{"category":"","code":"Q041","extra":{},"invocation_id":"019db918-2ef1-7343-a543-0a57f4e56762","level":"info","msg":"{\n  \"status\": \"not_found\",\n  \"licensing_enabled\": true\n}","name":"ShowNode","pid":2220,"thread":"tokio-runtime-worker","ts":"2026-04-23T06:47:43.102998Z"}}
{"data":{"completed_at":"2026-04-23T06:47:45.009938Z","elapsed":1.9169645309448242,"success":true},"info":{"category":"","code":"Q039","extra":{},"invocation_id":"019db918-2ef1-7343-a543-0a57f4e56762","level":"info","msg":"\n==================== Execution Summary =====================\nFinished 'license' successfully [1.9s]","name":"CommandCompleted","pid":2220,"thread":"tokio-runtime-worker","ts":"2026-04-23T06:47:45.026941Z"}}
